# JRE version: OpenJDK Runtime Environment Corretto-21.0.9.10.1 (21.0.9+10) (build 21.0.9+10-LTS)
# Java VM: OpenJDK 64-Bit Server VM Corretto-21.0.9.10.1 (21.0.9+10-LTS, mixed mode, sharing, tiered, compressed oops, compressed class ptrs, g1 gc, windows-amd64)
GC Precious Log:
 CardTable entry size: 512
 Card Set container configuration: InlinePtr #cards 4 size 8 Array Of Cards #cards 16 size 48 Howl #buckets 8 coarsen threshold 3686 Howl Bitmap #cards 512 size 80 coarsen threshold 460 Card regions per heap region 1 cards per card region 4096
 CPUs: 8 total, 8 available
 Memory: 12251M
 Large Page Support: Disabled
 NUMA Support: Disabled
 Compressed Oops: Enabled (Zero based)
 Heap Region Size: 2M
 Heap Min Capacity: 8M
 Heap Initial Capacity: 192M
 Heap Max Capacity: 3064M
 Pre-touch: Disabled
 Parallel Workers: 8
 Concurrent Workers: 2
 Concurrent Refinement Workers: 8
 Periodic GC: Disabled
Heap:
 garbage-first heap   total 221184K, used 110075K [0x0000000740800000, 0x0000000800000000)
  region size 2048K, 15 young (30720K), 4 survivors (8192K)
 Metaspace       used 49481K, committed 50112K, reserved 1114112K
  class space    used 6168K, committed 6464K, reserved 1048576K
GC Heap History (20 events):
Event: 19.430 GC heap before
{Heap before GC invocations=16 (full 0):
 garbage-first heap   total 221184K, used 158642K [0x0000000740800000, 0x0000000800000000)
  region size 2048K, 48 young (98304K), 2 survivors (4096K)
 Metaspace       used 31215K, committed 31680K, reserved 1114112K
  class space    used 4063K, committed 4288K, reserved 1048576K
}
Event: 19.437 GC heap after
{Heap after GC invocations=17 (full 0):
 garbage-first heap   total 221184K, used 67373K [0x0000000740800000, 0x0000000800000000)
  region size 2048K, 4 young (8192K), 4 survivors (8192K)
 Metaspace       used 31215K, committed 31680K, reserved 1114112K
  class space    used 4063K, committed 4288K, reserved 1048576K
}
Event: 20.300 GC heap before
{Heap before GC invocations=17 (full 0):
 garbage-first heap   total 221184K, used 186157K [0x0000000740800000, 0x0000000800000000)
  region size 2048K, 62 young (126976K), 4 survivors (8192K)
 Metaspace       used 32765K, committed 33216K, reserved 1114112K
  class space    used 4210K, committed 4416K, reserved 1048576K
}
Event: 20.308 GC heap after
{Heap after GC invocations=18 (full 0):
 garbage-first heap   total 221184K, used 68643K [0x0000000740800000, 0x0000000800000000)
  region size 2048K, 4 young (8192K), 4 survivors (8192K)
 Metaspace       used 32765K, committed 33216K, reserved 1114112K
  class space    used 4210K, committed 4416K, reserved 1048576K
}
Event: 29.279 GC heap before
{Heap before GC invocations=19 (full 0):
 garbage-first heap   total 221184K, used 189475K [0x0000000740800000, 0x0000000800000000)
  region size 2048K, 64 young (131072K), 4 survivors (8192K)
 Metaspace       used 38220K, committed 38720K, reserved 1114112K
  class space    used 5054K, committed 5248K, reserved 1048576K
}
Event: 29.294 GC heap after
{Heap after GC invocations=20 (full 0):
 garbage-first heap   total 221184K, used 77942K [0x0000000740800000, 0x0000000800000000)
  region size 2048K, 8 young (16384K), 8 survivors (16384K)
 Metaspace       used 38220K, committed 38720K, reserved 1114112K
  class space    used 5054K, committed 5248K, reserved 1048576K
}
Event: 32.813 GC heap before
{Heap before GC invocations=20 (full 0):
 garbage-first heap   total 221184K, used 190582K [0x0000000740800000, 0x0000000800000000)
  region size 2048K, 63 young (129024K), 8 survivors (16384K)
 Metaspace       used 38467K, committed 38912K, reserved 1114112K
  class space    used 5059K, committed 5248K, reserved 1048576K
}
Event: 32.830 GC heap after
{Heap after GC invocations=21 (full 0):
 garbage-first heap   total 221184K, used 80944K [0x0000000740800000, 0x0000000800000000)
  region size 2048K, 3 young (6144K), 3 survivors (6144K)
 Metaspace       used 38467K, committed 38912K, reserved 1114112K
  class space    used 5059K, committed 5248K, reserved 1048576K
}
Event: 46.602 GC heap before
{Heap before GC invocations=21 (full 0):
 garbage-first heap   total 221184K, used 154672K [0x0000000740800000, 0x0000000800000000)
  region size 2048K, 40 young (81920K), 3 survivors (6144K)
 Metaspace       used 38764K, committed 39232K, reserved 1114112K
  class space    used 5106K, committed 5312K, reserved 1048576K
}
Event: 46.609 GC heap after
{Heap after GC invocations=22 (full 0):
 garbage-first heap   total 221184K, used 81618K [0x0000000740800000, 0x0000000800000000)
  region size 2048K, 3 young (6144K), 3 survivors (6144K)
 Metaspace       used 38764K, committed 39232K, reserved 1114112K
  class space    used 5106K, committed 5312K, reserved 1048576K
}
Event: 72.559 GC heap before
{Heap before GC invocations=23 (full 0):
 garbage-first heap   total 221184K, used 198354K [0x0000000740800000, 0x0000000800000000)
  region size 2048K, 59 young (120832K), 3 survivors (6144K)
 Metaspace       used 39017K, committed 39552K, reserved 1114112K
  class space    used 5135K, committed 5376K, reserved 1048576K
}
Event: 72.565 GC heap after
{Heap after GC invocations=24 (full 0):
 garbage-first heap   total 221184K, used 80341K [0x0000000740800000, 0x0000000800000000)
  region size 2048K, 3 young (6144K), 3 survivors (6144K)
 Metaspace       used 39017K, committed 39552K, reserved 1114112K
  class space    used 5135K, committed 5376K, reserved 1048576K
}
Event: 118.172 GC heap before
{Heap before GC invocations=24 (full 0):
 garbage-first heap   total 221184K, used 199125K [0x0000000740800000, 0x0000000800000000)
  region size 2048K, 61 young (124928K), 3 survivors (6144K)
 Metaspace       used 40513K, committed 41024K, reserved 1114112K
  class space    used 5414K, committed 5632K, reserved 1048576K
}
Event: 118.180 GC heap after
{Heap after GC invocations=25 (full 0):
 garbage-first heap   total 221184K, used 79369K [0x0000000740800000, 0x0000000800000000)
  region size 2048K, 3 young (6144K), 3 survivors (6144K)
 Metaspace       used 40513K, committed 41024K, reserved 1114112K
  class space    used 5414K, committed 5632K, reserved 1048576K
}
Event: 189.084 GC heap before
{Heap before GC invocations=25 (full 0):
 garbage-first heap   total 221184K, used 200201K [0x0000000740800000, 0x0000000800000000)
  region size 2048K, 62 young (126976K), 3 survivors (6144K)
 Metaspace       used 40842K, committed 41344K, reserved 1114112K
  class space    used 5417K, committed 5632K, reserved 1048576K
}
Event: 189.092 GC heap after
{Heap after GC invocations=26 (full 0):
 garbage-first heap   total 221184K, used 86028K [0x0000000740800000, 0x0000000800000000)
  region size 2048K, 7 young (14336K), 7 survivors (14336K)
 Metaspace       used 40842K, committed 41344K, reserved 1114112K
  class space    used 5417K, committed 5632K, reserved 1048576K
}
Event: 190.977 GC heap before
{Heap before GC invocations=27 (full 0):
 garbage-first heap   total 221184K, used 196620K [0x0000000740800000, 0x0000000800000000)
  region size 2048K, 62 young (126976K), 7 survivors (14336K)
 Metaspace       used 46604K, committed 47168K, reserved 1114112K
  class space    used 5889K, committed 6144K, reserved 1048576K
}
Event: 190.989 GC heap after
{Heap after GC invocations=28 (full 0):
 garbage-first heap   total 221184K, used 90685K [0x0000000740800000, 0x0000000800000000)
  region size 2048K, 6 young (12288K), 6 survivors (12288K)
 Metaspace       used 46604K, committed 47168K, reserved 1114112K
  class space    used 5889K, committed 6144K, reserved 1048576K
}
Event: 214.460 GC heap before
{Heap before GC invocations=28 (full 0):
 garbage-first heap   total 221184K, used 197181K [0x0000000740800000, 0x0000000800000000)
  region size 2048K, 58 young (118784K), 6 survivors (12288K)
 Metaspace       used 49104K, committed 49728K, reserved 1114112K
  class space    used 6164K, committed 6464K, reserved 1048576K
}
Event: 214.471 GC heap after
{Heap after GC invocations=29 (full 0):
 garbage-first heap   total 221184K, used 89595K [0x0000000740800000, 0x0000000800000000)
  region size 2048K, 4 young (8192K), 4 survivors (8192K)
 Metaspace       used 49104K, committed 49728K, reserved 1114112K
  class space    used 6164K, committed 6464K, reserved 1048576K
}

